2025-05-06 15:40:51.285392 (6787) main____ INFO    ----------------------------------------
2025-05-06 15:40:51.285570 (6787) main____ INFO    Jasper version info
2025-05-06 15:40:51.285606 (6787) main____ INFO      tool      : Jasper 2022.06
2025-05-06 15:40:51.285634 (6787) main____ INFO      version   : 2022.06 FCS 64 bits
2025-05-06 15:40:51.285656 (6787) main____ INFO      build date: 2022.06.22 13:46:24 UTC
2025-05-06 15:40:51.285676 (6787) main____ INFO    ----------------------------------------
2025-05-06 15:40:51.285694 (6787) main____ INFO    Runtime info:
2025-05-06 15:40:51.285716 (6787) main____ INFO      platform  : Linux 3.10.0-1160.114.2.el7.x86_64 x86_64
2025-05-06 15:40:51.285742 (6787) main____ INFO      hostname  : pc4
2025-05-06 15:40:51.285762 (6787) main____ INFO      pid       : 6787
2025-05-06 15:40:51.285782 (6787) main____ INFO      arguments : '-style' 'windows' 'run.tcl'
2025-05-06 15:40:51.285809 (6787) main____ INFO      locale    : UTF-8
2025-05-06 15:40:51.285829 (6787) main____ INFO    ----------------------------------------
2025-05-06 15:40:51.285848 (6787) main____ INFO    System resource limits info:
2025-05-06 15:40:51.285868 (6787) main____ INFO      virtual memory: unlimited
2025-05-06 15:40:51.285887 (6787) main____ INFO      cpu time      : unlimited
2025-05-06 15:40:51.285915 (6787) main____ INFO      processes     : 4096
2025-05-06 15:40:51.285952 (6787) main____ INFO      stack size    : 8388608 B
2025-05-06 15:40:51.285976 (6787) main____ INFO      core file size: 0 B
2025-05-06 15:40:51.285997 (6787) main____ INFO      open files    : 1024
2025-05-06 15:40:51.286016 (6787) main____ INFO      file size     : unlimited
2025-05-06 15:40:51.286035 (6787) main____ INFO    ----------------------------------------
2025-05-06 15:40:51.286053 (6787) main____ INFO    Memory statistics:
2025-05-06 15:40:51.286078 (6787) main____ INFO      total physical memory  : 7842124 kB
2025-05-06 15:40:51.286097 (6787) main____ INFO      free physical memory   : 136948 kB
2025-05-06 15:40:51.286116 (6787) main____ INFO      committed address space: 17410736 kB
2025-05-06 15:40:51.286134 (6787) main____ INFO    ----------------------------------------
2025-05-06 15:40:51.288850 (6787) main____ INFO    Important environment variables:
2025-05-06 15:40:51.288911 (6787) main____ INFO      CDS_INST_DIR          : '/mnt/cadence_tools/installs/IC231'
2025-05-06 15:40:51.288941 (6787) main____ INFO      CDS_LIC_FILE          : '5280@cadenceserver'
2025-05-06 15:40:51.288965 (6787) main____ INFO      CDS_ROOT              : '/mnt/cadence_tools/installs/IC231'
2025-05-06 15:40:51.288988 (6787) main____ INFO      DISPLAY               : ':0'
2025-05-06 15:40:51.289011 (6787) main____ INFO      JASPER_INSTALL_DIR    : '/mnt/cadence_tools/installs/JASPER22/jasper_2022.06'
2025-05-06 15:40:51.289043 (6787) main____ INFO      JASPER_MACRO_LINEFILES: '1'
2025-05-06 15:40:51.289066 (6787) main____ INFO      JASPER_OS_CHECK       : '1'
2025-05-06 15:40:51.289087 (6787) main____ INFO      JG_MACRO_LINEFILES    : '1'
2025-05-06 15:40:51.289110 (6787) main____ INFO      LANG                  : 'en_US.UTF-8'
2025-05-06 15:40:51.289132 (6787) main____ INFO      LM_LICENSE_FILE       : '5280@cadenceserver'
2025-05-06 15:40:51.289152 (6787) main____ INFO    ----------------------------------------
2025-05-06 15:40:51.291665 (6787) lic_core INFO    Initializing license system ...
2025-05-06 15:40:51.365332 (6787) lic_core INFO    ... license system initialized.
2025-05-06 15:40:51.371113 (6787) lic__man INFO    Claim 'main' for <ui>.
2025-05-06 15:40:51.371239 (6787) lic_core INFO    (1) checking out 'jasper_interactive' ...
2025-05-06 15:40:51.379112 (6787) lic_core INFO    ... (1) checkout failed (error: -5) ("FLEXnet ERROR(-5, 0, 0): No such feature exists.")
2025-05-06 15:40:51.379195 (6787) lic_core INFO    (2) checking out 'jasper_pint' ...
2025-05-06 15:40:51.404405 (6787) lic_core INFO    ... (2) checkout succeeded
2025-05-06 15:40:51.404598 (6787) lic__man INFO    Claim 'fpv' for <ui>.
2025-05-06 15:40:51.404662 (6787) lic_core INFO    (3) checking out 'jasper_fpv' ...
2025-05-06 15:40:51.409895 (6787) lic_core INFO    ... (3) checkout failed (error: -5) ("FLEXnet ERROR(-5, 0, 0): No such feature exists.")
2025-05-06 15:40:51.410007 (6787) lic_core INFO    (4) checking out 'jasper_fao' ...
2025-05-06 15:40:51.414258 (6787) lic_core INFO    ... (4) checkout failed (error: -5) ("FLEXnet ERROR(-5, 0, 0): No such feature exists.")
2025-05-06 15:40:51.414307 (6787) lic_core INFO    (5) checking out 'jasper_papp' ...
2025-05-06 15:40:51.428600 (6787) lic_core INFO    ... (5) checkout succeeded
2025-05-06 15:40:51.429165 (6787) main____ INFO    Tool inactivity delay is 480000 ms.
2025-05-06 15:40:52.525637 (6787) lic__man INFO    Claim 'fpv' for <ui>.
2025-05-06 15:40:53.044945 (6787) lic__man INFO    Unclaim 'fpv' for <ui>.
2025-05-06 15:40:53.044997 (6787) lic__man INFO    Claim 'fpv' for <ui>.
2025-05-06 15:40:53.051373 (6787) session_ INFO    Starting analysis session with session id 'session_0' (launcher: <local>) ...
2025-05-06 15:40:53.053491 (6787) session_ INFO    Analysis session with session id 'session_0' started (pid: 6852)
2025-05-06 15:41:07.923678 (6787) session_ INFO    Analysis session 'session_0' connected to the console (host: 127.0.0.1:43398)
2025-05-06 15:41:13.217751 (6787) main____ INFO    Releasing console memory by request of analysis session 'session_0'.
2025-05-06 15:41:13.228023 (6787) lic__man INFO    Unclaim everything for 'session_0'.
2025-05-06 15:41:16.459060 (6787) lic__man INFO    Unclaim everything for 'session_0'.
2025-05-06 15:41:16.735492 (6787) lic__man INFO    Claim 'fpv' for 'session_0'.
2025-05-06 15:41:17.128633 (6787) lic__man INFO    Claim 'fpv' for 'session_0'.
2025-05-06 15:41:17.128675 (6787) lic__man INFO    Claim 'fpv' for 'session_0/prove-0'.
2025-05-06 15:41:19.409877 (6787) lic__man INFO    Unclaim everything for 'session_0/prove-0'.
2025-05-06 15:41:19.953076 (6787) main____ INFO    Releasing console memory by request of analysis session 'session_0'.
2025-05-06 15:41:19.954924 (6787) lic__man INFO    Unclaim everything for 'session_0'.
2025-05-06 15:41:20.442638 (6787) lic__man INFO    Unclaim everything for 'session_0'.
2025-05-06 15:41:20.490660 (6787) lic__man INFO    Claim 'fpv' for 'session_0'.
2025-05-06 15:41:20.857687 (6787) lic__man INFO    Claim 'fpv' for 'session_0'.
2025-05-06 15:41:20.857718 (6787) lic__man INFO    Claim 'fpv' for 'session_0/prove-0'.
2025-05-06 15:41:21.011263 (6787) lic__man INFO    Unclaim everything for 'session_0/prove-0'.
2025-05-06 15:41:21.012458 (6787) lic__man INFO    Claim 'fpv' for 'session_0'.
2025-05-06 15:41:21.012495 (6787) lic__man INFO    Claim 'fpv' for 'session_0/prove-1'.
2025-05-06 15:41:21.063068 (6787) lic__man INFO    Claim 'fpv' for 'session_0'.
2025-05-06 15:41:21.063121 (6787) lic__man INFO    Claim 'fpv' for 'session_0/prove-2'.
2025-05-06 15:41:21.063136 (6787) lic_core INFO    (6) checking out 'jasper_fpv' ...
2025-05-06 15:41:21.069775 (6787) lic_core INFO    ... (6) checkout failed (error: -5) ("FLEXnet ERROR(-5, 0, 0): No such feature exists.")
2025-05-06 15:41:21.069846 (6787) lic_core INFO    (7) checking out 'jasper_fao' ...
2025-05-06 15:41:21.073143 (6787) lic_core INFO    ... (7) checkout failed (error: -5) ("FLEXnet ERROR(-5, 0, 0): No such feature exists.")
2025-05-06 15:41:21.073167 (6787) lic_core INFO    (8) checking out 'jasper_papp' ...
2025-05-06 15:41:21.081651 (6787) lic_core INFO    ... (8) checkout succeeded
2025-05-06 15:41:21.234069 (6787) lic__man INFO    Claim 'fpv' for 'session_0'.
2025-05-06 15:41:21.234112 (6787) lic__man INFO    Claim 'fpv' for 'session_0/prove-3'.
2025-05-06 15:41:21.234131 (6787) lic_core INFO    (9) checking out 'jasper_fpv' ...
2025-05-06 15:41:21.271113 (6787) lic_core INFO    ... (9) checkout failed (error: -5) ("FLEXnet ERROR(-5, 0, 0): No such feature exists.")
2025-05-06 15:41:21.271147 (6787) lic_core INFO    (10) checking out 'jasper_fao' ...
2025-05-06 15:41:21.316132 (6787) lic_core INFO    ... (10) checkout failed (error: -5) ("FLEXnet ERROR(-5, 0, 0): No such feature exists.")
2025-05-06 15:41:21.316195 (6787) lic_core INFO    (11) checking out 'jasper_papp' ...
2025-05-06 15:41:21.386073 (6787) lic_core INFO    ... (11) checkout succeeded
2025-05-06 15:41:22.487178 (6787) lic__man INFO    Unclaim everything for 'session_0/prove-1'.
2025-05-06 15:41:22.492308 (6787) lic__man INFO    Unclaim everything for 'session_0/prove-2'.
2025-05-06 15:41:22.501126 (6787) lic__man INFO    Unclaim everything for 'session_0/prove-3'.
2025-05-06 15:42:22.331669 (6787) lic_core INFO    (8) checkin jasper_papp
2025-05-06 15:42:22.332786 (6787) lic_core INFO    (11) checkin jasper_papp
2025-05-06 15:44:20.601434 (6787) main____ INFO    Releasing console memory by request of analysis session 'session_0'.
2025-05-06 15:44:20.601864 (6787) lic__man INFO    Unclaim everything for 'session_0'.
2025-05-06 15:44:47.290921 (6787) main____ INFO    Releasing console memory by request of analysis session 'session_0'.
2025-05-06 15:44:47.290972 (6787) lic__man INFO    Unclaim everything for 'session_0'.
2025-05-06 15:44:47.512778 (6787) lic__man INFO    Unclaim everything for 'session_0'.
2025-05-06 15:44:47.577121 (6787) lic__man INFO    Claim 'fpv' for 'session_0'.
2025-05-06 15:44:47.942826 (6787) lic__man INFO    Claim 'fpv' for 'session_0'.
2025-05-06 15:44:47.942931 (6787) lic__man INFO    Claim 'fpv' for 'session_0/prove-0'.
2025-05-06 15:44:48.091873 (6787) lic__man INFO    Unclaim everything for 'session_0/prove-0'.
2025-05-06 15:44:50.116958 (6787) lic__man INFO    Claim 'fpv' for 'session_0'.
2025-05-06 15:44:50.117005 (6787) lic__man INFO    Claim 'fpv' for 'session_0/prove-1'.
2025-05-06 15:44:50.231778 (6787) lic__man INFO    Unclaim everything for 'session_0/prove-1'.
2025-05-06 15:45:25.969822 (6787) main____ INFO    Releasing console memory by request of analysis session 'session_0'.
2025-05-06 15:45:25.970553 (6787) lic__man INFO    Unclaim everything for 'session_0'.
2025-05-06 15:45:26.275949 (6787) lic__man INFO    Unclaim everything for 'session_0'.
2025-05-06 15:45:26.353452 (6787) lic__man INFO    Claim 'fpv' for 'session_0'.
2025-05-06 15:45:26.751668 (6787) lic__man INFO    Claim 'fpv' for 'session_0'.
2025-05-06 15:45:26.751705 (6787) lic__man INFO    Claim 'fpv' for 'session_0/prove-0'.
2025-05-06 15:45:26.887945 (6787) lic__man INFO    Unclaim everything for 'session_0/prove-0'.
2025-05-06 15:45:30.057689 (6787) lic__man INFO    Claim 'fpv' for 'session_0'.
2025-05-06 15:45:30.057787 (6787) lic__man INFO    Claim 'fpv' for 'session_0/prove-1'.
2025-05-06 15:45:30.161350 (6787) lic__man INFO    Unclaim everything for 'session_0/prove-1'.
2025-05-06 15:46:45.127512 (6787) main____ INFO    Releasing console memory by request of analysis session 'session_0'.
2025-05-06 15:46:45.128043 (6787) lic__man INFO    Unclaim everything for 'session_0'.
2025-05-06 15:46:45.539933 (6787) lic__man INFO    Unclaim everything for 'session_0'.
2025-05-06 15:46:45.592637 (6787) lic__man INFO    Claim 'fpv' for 'session_0'.
2025-05-06 15:46:45.987730 (6787) lic__man INFO    Claim 'fpv' for 'session_0'.
2025-05-06 15:46:45.987770 (6787) lic__man INFO    Claim 'fpv' for 'session_0/prove-0'.
2025-05-06 15:46:46.180778 (6787) lic__man INFO    Unclaim everything for 'session_0/prove-0'.
2025-05-06 15:46:46.653870 (6787) lic__man INFO    Claim 'fpv' for 'session_0'.
2025-05-06 15:46:46.653905 (6787) lic__man INFO    Claim 'fpv' for 'session_0/prove-1'.
2025-05-06 15:46:46.835132 (6787) lic__man INFO    Unclaim everything for 'session_0/prove-1'.
2025-05-06 15:48:39.457134 (6787) main____ INFO    Releasing console memory by request of analysis session 'session_0'.
2025-05-06 15:48:39.457571 (6787) lic__man INFO    Unclaim everything for 'session_0'.
2025-05-06 15:48:39.873274 (6787) lic__man INFO    Unclaim everything for 'session_0'.
2025-05-06 15:48:39.929156 (6787) lic__man INFO    Claim 'fpv' for 'session_0'.
2025-05-06 15:48:40.314849 (6787) lic__man INFO    Claim 'fpv' for 'session_0'.
2025-05-06 15:48:40.314953 (6787) lic__man INFO    Claim 'fpv' for 'session_0/prove-0'.
2025-05-06 15:48:40.531700 (6787) lic__man INFO    Unclaim everything for 'session_0/prove-0'.
2025-05-06 15:48:43.048479 (6787) lic__man INFO    Claim 'fpv' for 'session_0'.
2025-05-06 15:48:43.048516 (6787) lic__man INFO    Claim 'fpv' for 'session_0/prove-1'.
2025-05-06 15:48:43.142173 (6787) lic__man INFO    Unclaim everything for 'session_0/prove-1'.
2025-05-06 15:50:19.172103 (6787) main____ INFO    Releasing console memory by request of analysis session 'session_0'.
2025-05-06 15:50:19.172631 (6787) lic__man INFO    Unclaim everything for 'session_0'.
2025-05-06 15:50:19.532279 (6787) lic__man INFO    Unclaim everything for 'session_0'.
2025-05-06 15:50:19.587851 (6787) lic__man INFO    Claim 'fpv' for 'session_0'.
2025-05-06 15:50:20.087705 (6787) lic__man INFO    Claim 'fpv' for 'session_0'.
2025-05-06 15:50:20.087743 (6787) lic__man INFO    Claim 'fpv' for 'session_0/prove-0'.
2025-05-06 15:50:20.325905 (6787) lic__man INFO    Unclaim everything for 'session_0/prove-0'.
2025-05-06 15:50:20.327324 (6787) lic__man INFO    Claim 'fpv' for 'session_0'.
2025-05-06 15:50:20.327382 (6787) lic__man INFO    Claim 'fpv' for 'session_0/prove-1'.
2025-05-06 15:50:20.439031 (6787) lic__man INFO    Unclaim everything for 'session_0/prove-1'.
2025-05-06 15:53:15.806443 (6787) main____ INFO    Releasing console memory by request of analysis session 'session_0'.
2025-05-06 15:53:15.806825 (6787) lic__man INFO    Unclaim everything for 'session_0'.
2025-05-06 15:53:16.229177 (6787) lic__man INFO    Unclaim everything for 'session_0'.
2025-05-06 15:53:16.308408 (6787) lic__man INFO    Claim 'fpv' for 'session_0'.
2025-05-06 15:53:16.714890 (6787) lic__man INFO    Claim 'fpv' for 'session_0'.
2025-05-06 15:53:16.714992 (6787) lic__man INFO    Claim 'fpv' for 'session_0/prove-0'.
2025-05-06 15:53:16.945491 (6787) lic__man INFO    Unclaim everything for 'session_0/prove-0'.
2025-05-06 15:53:16.946677 (6787) lic__man INFO    Claim 'fpv' for 'session_0'.
2025-05-06 15:53:16.946713 (6787) lic__man INFO    Claim 'fpv' for 'session_0/prove-1'.
2025-05-06 15:53:17.051986 (6787) lic__man INFO    Unclaim everything for 'session_0/prove-1'.
2025-05-06 15:56:35.114849 (6787) lic__man INFO    Claim 'fpv' for 'session_0'.
2025-05-06 15:56:35.114935 (6787) lic__man INFO    Claim 'fpv' for 'session_0/prove-2'.
2025-05-06 15:56:35.165159 (6787) lic__man INFO    Unclaim everything for 'session_0/prove-2'.
2025-05-06 16:02:20.762629 (6787) main____ INFO    Releasing console memory by request of analysis session 'session_0'.
2025-05-06 16:02:20.762958 (6787) lic__man INFO    Unclaim everything for 'session_0'.
2025-05-06 16:02:21.105994 (6787) lic__man INFO    Unclaim everything for 'session_0'.
2025-05-06 16:02:21.186642 (6787) lic__man INFO    Claim 'fpv' for 'session_0'.
2025-05-06 16:02:21.596751 (6787) lic__man INFO    Claim 'fpv' for 'session_0'.
2025-05-06 16:02:21.596785 (6787) lic__man INFO    Claim 'fpv' for 'session_0/prove-0'.
2025-05-06 16:02:21.783339 (6787) lic__man INFO    Unclaim everything for 'session_0/prove-0'.
2025-05-06 16:02:23.356055 (6787) lic__man INFO    Claim 'fpv' for 'session_0'.
2025-05-06 16:02:23.356094 (6787) lic__man INFO    Claim 'fpv' for 'session_0/prove-1'.
2025-05-06 16:02:23.454638 (6787) lic__man INFO    Unclaim everything for 'session_0/prove-1'.
2025-05-06 16:02:54.496995 (6787) main____ INFO    Releasing console memory by request of analysis session 'session_0'.
2025-05-06 16:02:54.497434 (6787) lic__man INFO    Unclaim everything for 'session_0'.
2025-05-06 16:03:27.354521 (6787) main____ INFO    Releasing console memory by request of analysis session 'session_0'.
2025-05-06 16:03:27.354576 (6787) lic__man INFO    Unclaim everything for 'session_0'.
2025-05-06 16:03:27.608006 (6787) lic__man INFO    Unclaim everything for 'session_0'.
2025-05-06 16:03:27.667896 (6787) lic__man INFO    Claim 'fpv' for 'session_0'.
2025-05-06 16:03:28.030708 (6787) lic__man INFO    Claim 'fpv' for 'session_0'.
2025-05-06 16:03:28.030748 (6787) lic__man INFO    Claim 'fpv' for 'session_0/prove-0'.
2025-05-06 16:03:28.212328 (6787) lic__man INFO    Unclaim everything for 'session_0/prove-0'.
2025-05-06 16:03:31.787647 (6787) lic__man INFO    Claim 'fpv' for 'session_0'.
2025-05-06 16:03:31.787686 (6787) lic__man INFO    Claim 'fpv' for 'session_0/prove-1'.
2025-05-06 16:03:31.896127 (6787) lic__man INFO    Unclaim everything for 'session_0/prove-1'.
2025-05-06 16:05:11.277645 (6787) main____ INFO    Releasing console memory by request of analysis session 'session_0'.
2025-05-06 16:05:11.278428 (6787) lic__man INFO    Unclaim everything for 'session_0'.
2025-05-06 16:05:11.676910 (6787) lic__man INFO    Unclaim everything for 'session_0'.
2025-05-06 16:05:11.756446 (6787) lic__man INFO    Claim 'fpv' for 'session_0'.
2025-05-06 16:05:12.109074 (6787) lic__man INFO    Claim 'fpv' for 'session_0'.
2025-05-06 16:05:12.109126 (6787) lic__man INFO    Claim 'fpv' for 'session_0/prove-0'.
2025-05-06 16:05:12.282546 (6787) lic__man INFO    Unclaim everything for 'session_0/prove-0'.
2025-05-06 16:05:12.299489 (6787) lic__man INFO    Claim 'fpv' for 'session_0'.
2025-05-06 16:05:12.299586 (6787) lic__man INFO    Claim 'fpv' for 'session_0/prove-1'.
2025-05-06 16:05:12.730771 (6787) lic__man INFO    Unclaim everything for 'session_0/prove-1'.
2025-05-06 16:06:37.658493 (6787) main____ INFO    Releasing console memory by request of analysis session 'session_0'.
2025-05-06 16:06:37.658937 (6787) lic__man INFO    Unclaim everything for 'session_0'.
2025-05-06 16:06:38.071720 (6787) lic__man INFO    Unclaim everything for 'session_0'.
2025-05-06 16:06:38.131915 (6787) lic__man INFO    Claim 'fpv' for 'session_0'.
2025-05-06 16:06:38.529705 (6787) lic__man INFO    Claim 'fpv' for 'session_0'.
2025-05-06 16:06:38.529763 (6787) lic__man INFO    Claim 'fpv' for 'session_0/prove-0'.
2025-05-06 16:06:38.689026 (6787) lic__man INFO    Unclaim everything for 'session_0/prove-0'.
2025-05-06 16:06:40.592063 (6787) lic__man INFO    Claim 'fpv' for 'session_0'.
2025-05-06 16:06:40.592102 (6787) lic__man INFO    Claim 'fpv' for 'session_0/prove-1'.
2025-05-06 16:06:40.695267 (6787) lic__man INFO    Unclaim everything for 'session_0/prove-1'.
2025-05-06 16:07:12.639234 (6787) main____ INFO    Releasing console memory by request of analysis session 'session_0'.
2025-05-06 16:07:12.639664 (6787) lic__man INFO    Unclaim everything for 'session_0'.
2025-05-06 16:07:12.973977 (6787) lic__man INFO    Unclaim everything for 'session_0'.
2025-05-06 16:07:13.054003 (6787) lic__man INFO    Claim 'fpv' for 'session_0'.
2025-05-06 16:07:13.463847 (6787) lic__man INFO    Claim 'fpv' for 'session_0'.
2025-05-06 16:07:13.463893 (6787) lic__man INFO    Claim 'fpv' for 'session_0/prove-0'.
2025-05-06 16:07:13.636946 (6787) lic__man INFO    Unclaim everything for 'session_0/prove-0'.
2025-05-06 16:07:13.638635 (6787) lic__man INFO    Claim 'fpv' for 'session_0'.
2025-05-06 16:07:13.638685 (6787) lic__man INFO    Claim 'fpv' for 'session_0/prove-1'.
2025-05-06 16:07:13.768971 (6787) lic__man INFO    Unclaim everything for 'session_0/prove-1'.
2025-05-06 16:08:08.439473 (6787) main____ INFO    Releasing console memory by request of analysis session 'session_0'.
2025-05-06 16:08:08.439767 (6787) lic__man INFO    Unclaim everything for 'session_0'.
2025-05-06 16:08:08.774901 (6787) lic__man INFO    Unclaim everything for 'session_0'.
2025-05-06 16:08:08.851354 (6787) lic__man INFO    Claim 'fpv' for 'session_0'.
2025-05-06 16:08:09.253673 (6787) lic__man INFO    Claim 'fpv' for 'session_0'.
2025-05-06 16:08:09.253712 (6787) lic__man INFO    Claim 'fpv' for 'session_0/prove-0'.
2025-05-06 16:08:09.451951 (6787) lic__man INFO    Unclaim everything for 'session_0/prove-0'.
2025-05-06 16:08:09.452856 (6787) lic__man INFO    Claim 'fpv' for 'session_0'.
2025-05-06 16:08:09.452888 (6787) lic__man INFO    Claim 'fpv' for 'session_0/prove-1'.
2025-05-06 16:08:09.648612 (6787) lic__man INFO    Unclaim everything for 'session_0/prove-1'.
2025-05-06 16:08:46.812739 (6787) main____ INFO    Releasing console memory by request of analysis session 'session_0'.
2025-05-06 16:08:46.813104 (6787) lic__man INFO    Unclaim everything for 'session_0'.
2025-05-06 16:08:47.125834 (6787) lic__man INFO    Unclaim everything for 'session_0'.
2025-05-06 16:08:47.180129 (6787) lic__man INFO    Claim 'fpv' for 'session_0'.
2025-05-06 16:08:47.593862 (6787) lic__man INFO    Claim 'fpv' for 'session_0'.
2025-05-06 16:08:47.593964 (6787) lic__man INFO    Claim 'fpv' for 'session_0/prove-0'.
2025-05-06 16:08:47.754736 (6787) lic__man INFO    Unclaim everything for 'session_0/prove-0'.
2025-05-06 16:08:47.877097 (6787) lic__man INFO    Claim 'fpv' for 'session_0'.
2025-05-06 16:08:47.877178 (6787) lic__man INFO    Claim 'fpv' for 'session_0/prove-1'.
2025-05-06 16:08:47.985423 (6787) lic__man INFO    Unclaim everything for 'session_0/prove-1'.
2025-05-06 16:09:34.166337 (6787) main____ INFO    Releasing console memory by request of analysis session 'session_0'.
2025-05-06 16:09:34.166520 (6787) lic__man INFO    Unclaim everything for 'session_0'.
2025-05-06 16:09:34.495859 (6787) lic__man INFO    Unclaim everything for 'session_0'.
2025-05-06 16:09:34.550893 (6787) lic__man INFO    Claim 'fpv' for 'session_0'.
2025-05-06 16:09:34.945651 (6787) lic__man INFO    Claim 'fpv' for 'session_0'.
2025-05-06 16:09:34.945690 (6787) lic__man INFO    Claim 'fpv' for 'session_0/prove-0'.
2025-05-06 16:09:35.080675 (6787) lic__man INFO    Unclaim everything for 'session_0/prove-0'.
2025-05-06 16:09:35.081753 (6787) lic__man INFO    Claim 'fpv' for 'session_0'.
2025-05-06 16:09:35.081802 (6787) lic__man INFO    Claim 'fpv' for 'session_0/prove-1'.
2025-05-06 16:09:35.193167 (6787) lic__man INFO    Unclaim everything for 'session_0/prove-1'.
2025-05-06 16:12:18.564779 (6787) lic__man INFO    Claim 'fpv' for 'session_0'.
2025-05-06 16:12:18.564814 (6787) lic__man INFO    Claim 'fpv' for 'session_0/prove-2'.
2025-05-06 16:12:18.657904 (6787) lic__man INFO    Unclaim everything for 'session_0/prove-2'.
2025-05-06 16:12:45.530093 (6787) main____ INFO    Releasing console memory by request of analysis session 'session_0'.
2025-05-06 16:12:45.530761 (6787) lic__man INFO    Unclaim everything for 'session_0'.
2025-05-06 16:12:45.909548 (6787) lic__man INFO    Unclaim everything for 'session_0'.
2025-05-06 16:12:45.987548 (6787) lic__man INFO    Claim 'fpv' for 'session_0'.
2025-05-06 16:12:46.371730 (6787) lic__man INFO    Claim 'fpv' for 'session_0'.
2025-05-06 16:12:46.371772 (6787) lic__man INFO    Claim 'fpv' for 'session_0/prove-0'.
2025-05-06 16:12:46.540664 (6787) lic__man INFO    Unclaim everything for 'session_0/prove-0'.
2025-05-06 16:12:50.137831 (6787) lic__man INFO    Claim 'fpv' for 'session_0'.
2025-05-06 16:12:50.137868 (6787) lic__man INFO    Claim 'fpv' for 'session_0/prove-1'.
2025-05-06 16:12:50.241674 (6787) lic__man INFO    Unclaim everything for 'session_0/prove-1'.
2025-05-06 16:12:59.084648 (6787) lic__man INFO    Claim 'fpv' for 'session_0'.
2025-05-06 16:12:59.084691 (6787) lic__man INFO    Claim 'fpv' for 'session_0/prove-2'.
2025-05-06 16:12:59.171658 (6787) lic__man INFO    Unclaim everything for 'session_0/prove-2'.
2025-05-06 16:15:07.751729 (6787) main____ INFO    Releasing console memory by request of analysis session 'session_0'.
2025-05-06 16:15:07.751848 (6787) lic__man INFO    Unclaim everything for 'session_0'.
2025-05-06 16:15:08.119415 (6787) lic__man INFO    Unclaim everything for 'session_0'.
2025-05-06 16:15:08.200959 (6787) lic__man INFO    Claim 'fpv' for 'session_0'.
2025-05-06 16:15:08.594773 (6787) lic__man INFO    Claim 'fpv' for 'session_0'.
2025-05-06 16:15:08.594824 (6787) lic__man INFO    Claim 'fpv' for 'session_0/prove-0'.
2025-05-06 16:15:08.777304 (6787) lic__man INFO    Unclaim everything for 'session_0/prove-0'.
2025-05-06 16:15:11.903311 (6787) lic__man INFO    Claim 'fpv' for 'session_0'.
2025-05-06 16:15:11.903386 (6787) lic__man INFO    Claim 'fpv' for 'session_0/prove-1'.
2025-05-06 16:15:12.019701 (6787) lic__man INFO    Unclaim everything for 'session_0/prove-1'.
2025-05-06 16:17:01.574661 (6787) main____ INFO    Releasing console memory by request of analysis session 'session_0'.
2025-05-06 16:17:01.575695 (6787) lic__man INFO    Unclaim everything for 'session_0'.
2025-05-06 16:17:02.000203 (6787) lic__man INFO    Unclaim everything for 'session_0'.
2025-05-06 16:17:02.084346 (6787) lic__man INFO    Claim 'fpv' for 'session_0'.
2025-05-06 16:17:02.437871 (6787) lic__man INFO    Claim 'fpv' for 'session_0'.
2025-05-06 16:17:02.437972 (6787) lic__man INFO    Claim 'fpv' for 'session_0/prove-0'.
2025-05-06 16:17:02.657197 (6787) lic__man INFO    Unclaim everything for 'session_0/prove-0'.
2025-05-06 16:17:02.658425 (6787) lic__man INFO    Claim 'fpv' for 'session_0'.
2025-05-06 16:17:02.658471 (6787) lic__man INFO    Claim 'fpv' for 'session_0/prove-1'.
2025-05-06 16:17:02.785374 (6787) lic__man INFO    Unclaim everything for 'session_0/prove-1'.
2025-05-06 16:17:20.301808 (6787) main____ INFO    Releasing console memory by request of analysis session 'session_0'.
2025-05-06 16:17:20.302208 (6787) lic__man INFO    Unclaim everything for 'session_0'.
2025-05-06 16:17:20.564575 (6787) lic__man INFO    Unclaim everything for 'session_0'.
2025-05-06 16:17:20.646615 (6787) lic__man INFO    Claim 'fpv' for 'session_0'.
2025-05-06 16:17:21.031361 (6787) lic__man INFO    Claim 'fpv' for 'session_0'.
2025-05-06 16:17:21.031397 (6787) lic__man INFO    Claim 'fpv' for 'session_0/prove-0'.
2025-05-06 16:17:21.178767 (6787) lic__man INFO    Unclaim everything for 'session_0/prove-0'.
2025-05-06 16:17:22.404907 (6787) lic__man INFO    Claim 'fpv' for 'session_0'.
2025-05-06 16:17:22.404948 (6787) lic__man INFO    Claim 'fpv' for 'session_0/prove-1'.
2025-05-06 16:17:22.512301 (6787) lic__man INFO    Unclaim everything for 'session_0/prove-1'.
2025-05-06 16:17:46.800114 (6787) lic__man INFO    Claim 'fpv' for 'session_0'.
2025-05-06 16:17:46.800149 (6787) lic__man INFO    Claim 'fpv' for 'session_0/prove-2'.
2025-05-06 16:17:46.900688 (6787) lic__man INFO    Unclaim everything for 'session_0/prove-2'.
2025-05-06 16:22:05.651266 (6787) main____ INFO    Releasing console memory by request of analysis session 'session_0'.
2025-05-06 16:22:05.652523 (6787) lic__man INFO    Unclaim everything for 'session_0'.
2025-05-06 16:22:24.545713 (6787) main____ INFO    Releasing console memory by request of analysis session 'session_0'.
2025-05-06 16:22:24.545744 (6787) lic__man INFO    Unclaim everything for 'session_0'.
2025-05-06 16:22:40.152501 (6787) main____ INFO    Releasing console memory by request of analysis session 'session_0'.
2025-05-06 16:22:40.152564 (6787) lic__man INFO    Unclaim everything for 'session_0'.
2025-05-06 16:22:53.499075 (6787) main____ INFO    Releasing console memory by request of analysis session 'session_0'.
2025-05-06 16:22:53.499114 (6787) lic__man INFO    Unclaim everything for 'session_0'.
2025-05-06 16:22:53.722304 (6787) lic__man INFO    Unclaim everything for 'session_0'.
2025-05-06 16:22:53.797417 (6787) lic__man INFO    Claim 'fpv' for 'session_0'.
2025-05-06 16:22:54.144690 (6787) lic__man INFO    Claim 'fpv' for 'session_0'.
2025-05-06 16:22:54.144734 (6787) lic__man INFO    Claim 'fpv' for 'session_0/prove-0'.
2025-05-06 16:22:54.307479 (6787) lic__man INFO    Unclaim everything for 'session_0/prove-0'.
2025-05-06 16:22:55.286347 (6787) lic__man INFO    Claim 'fpv' for 'session_0'.
2025-05-06 16:22:55.286383 (6787) lic__man INFO    Claim 'fpv' for 'session_0/prove-1'.
2025-05-06 16:22:55.401099 (6787) lic__man INFO    Unclaim everything for 'session_0/prove-1'.
2025-05-06 16:23:11.420897 (6787) main____ INFO    Releasing console memory by request of analysis session 'session_0'.
2025-05-06 16:23:11.421121 (6787) lic__man INFO    Unclaim everything for 'session_0'.
2025-05-06 16:23:11.766999 (6787) lic__man INFO    Unclaim everything for 'session_0'.
2025-05-06 16:23:11.820852 (6787) lic__man INFO    Claim 'fpv' for 'session_0'.
2025-05-06 16:23:12.215717 (6787) lic__man INFO    Claim 'fpv' for 'session_0'.
2025-05-06 16:23:12.215773 (6787) lic__man INFO    Claim 'fpv' for 'session_0/prove-0'.
2025-05-06 16:23:12.391988 (6787) lic__man INFO    Unclaim everything for 'session_0/prove-0'.
2025-05-06 16:23:12.392730 (6787) lic__man INFO    Claim 'fpv' for 'session_0'.
2025-05-06 16:23:12.392760 (6787) lic__man INFO    Claim 'fpv' for 'session_0/prove-1'.
2025-05-06 16:23:12.498012 (6787) lic__man INFO    Unclaim everything for 'session_0/prove-1'.
2025-05-06 16:25:16.311857 (6787) main____ INFO    Releasing console memory by request of analysis session 'session_0'.
2025-05-06 16:25:16.312187 (6787) lic__man INFO    Unclaim everything for 'session_0'.
2025-05-06 16:25:19.241478 (6787) lic__man INFO    Unclaim everything for 'session_0'.
2025-05-06 16:25:19.298459 (6787) lic__man INFO    Claim 'fpv' for 'session_0'.
2025-05-06 16:25:19.684812 (6787) lic__man INFO    Claim 'fpv' for 'session_0'.
2025-05-06 16:25:19.684899 (6787) lic__man INFO    Claim 'fpv' for 'session_0/prove-0'.
2025-05-06 16:25:19.891982 (6787) lic__man INFO    Unclaim everything for 'session_0/prove-0'.
2025-05-06 16:25:19.893085 (6787) lic__man INFO    Claim 'fpv' for 'session_0'.
2025-05-06 16:25:19.893115 (6787) lic__man INFO    Claim 'fpv' for 'session_0/prove-1'.
2025-05-06 16:25:20.004977 (6787) lic__man INFO    Unclaim everything for 'session_0/prove-1'.
2025-05-06 16:33:20.331502 (6787) lic__man INFO    Entering idle state.
2025-05-06 16:36:43.339212 (6787) lic__man INFO    Leaving idle state.
2025-05-06 16:36:43.858259 (6787) main____ INFO    Releasing console memory by request of analysis session 'session_0'.
2025-05-06 16:36:43.858717 (6787) lic__man INFO    Unclaim everything for 'session_0'.
2025-05-06 16:36:46.445059 (6787) lic__man INFO    Unclaim everything for 'session_0'.
2025-05-06 16:36:46.501243 (6787) lic__man INFO    Claim 'fpv' for 'session_0'.
2025-05-06 16:36:46.901825 (6787) lic__man INFO    Claim 'fpv' for 'session_0'.
2025-05-06 16:36:46.901929 (6787) lic__man INFO    Claim 'fpv' for 'session_0/prove-0'.
2025-05-06 16:36:47.049255 (6787) lic__man INFO    Unclaim everything for 'session_0/prove-0'.
2025-05-06 16:36:47.050018 (6787) lic__man INFO    Claim 'fpv' for 'session_0'.
2025-05-06 16:36:47.050043 (6787) lic__man INFO    Claim 'fpv' for 'session_0/prove-1'.
2025-05-06 16:36:48.163366 (6787) lic__man INFO    Unclaim everything for 'session_0/prove-1'.
2025-05-06 16:39:27.038469 (6787) main____ INFO    Releasing console memory by request of analysis session 'session_0'.
2025-05-06 16:39:27.038952 (6787) lic__man INFO    Unclaim everything for 'session_0'.
2025-05-06 16:39:27.482971 (6787) lic__man INFO    Unclaim everything for 'session_0'.
2025-05-06 16:39:27.541236 (6787) lic__man INFO    Claim 'fpv' for 'session_0'.
2025-05-06 16:39:28.026426 (6787) lic__man INFO    Claim 'fpv' for 'session_0'.
2025-05-06 16:39:28.026479 (6787) lic__man INFO    Claim 'fpv' for 'session_0/prove-0'.
2025-05-06 16:39:28.216235 (6787) lic__man INFO    Unclaim everything for 'session_0/prove-0'.
2025-05-06 16:39:28.218447 (6787) lic__man INFO    Claim 'fpv' for 'session_0'.
2025-05-06 16:39:28.218513 (6787) lic__man INFO    Claim 'fpv' for 'session_0/prove-1'.
2025-05-06 16:39:28.358059 (6787) lic__man INFO    Unclaim everything for 'session_0/prove-1'.
2025-05-06 16:41:24.751413 (6787) main____ INFO    Releasing console memory by request of analysis session 'session_0'.
2025-05-06 16:41:24.751733 (6787) lic__man INFO    Unclaim everything for 'session_0'.
2025-05-06 16:41:25.360626 (6787) lic__man INFO    Unclaim everything for 'session_0'.
2025-05-06 16:41:25.415437 (6787) lic__man INFO    Claim 'fpv' for 'session_0'.
2025-05-06 16:41:25.796895 (6787) lic__man INFO    Claim 'fpv' for 'session_0'.
2025-05-06 16:41:25.797000 (6787) lic__man INFO    Claim 'fpv' for 'session_0/prove-0'.
2025-05-06 16:41:25.988021 (6787) lic__man INFO    Unclaim everything for 'session_0/prove-0'.
2025-05-06 16:41:25.989147 (6787) lic__man INFO    Claim 'fpv' for 'session_0'.
2025-05-06 16:41:25.989184 (6787) lic__man INFO    Claim 'fpv' for 'session_0/prove-1'.
2025-05-06 16:41:26.114903 (6787) lic__man INFO    Unclaim everything for 'session_0/prove-1'.
2025-05-06 16:47:42.221161 (6787) main____ INFO    Releasing console memory by request of analysis session 'session_0'.
2025-05-06 16:47:42.221520 (6787) lic__man INFO    Unclaim everything for 'session_0'.
2025-05-06 16:48:09.220546 (6787) main____ INFO    Releasing console memory by request of analysis session 'session_0'.
2025-05-06 16:48:09.220589 (6787) lic__man INFO    Unclaim everything for 'session_0'.
2025-05-06 16:48:14.593837 (6787) main____ INFO    Releasing console memory by request of analysis session 'session_0'.
2025-05-06 16:48:14.593873 (6787) lic__man INFO    Unclaim everything for 'session_0'.
2025-05-06 16:49:03.129826 (6787) main____ INFO    Releasing console memory by request of analysis session 'session_0'.
2025-05-06 16:49:03.129866 (6787) lic__man INFO    Unclaim everything for 'session_0'.
2025-05-06 16:49:24.505024 (6787) main____ INFO    Releasing console memory by request of analysis session 'session_0'.
2025-05-06 16:49:24.505066 (6787) lic__man INFO    Unclaim everything for 'session_0'.
2025-05-06 16:50:56.738055 (6787) main____ INFO    Releasing console memory by request of analysis session 'session_0'.
2025-05-06 16:50:56.738139 (6787) lic__man INFO    Unclaim everything for 'session_0'.
2025-05-06 16:52:28.097496 (6787) main____ INFO    Releasing console memory by request of analysis session 'session_0'.
2025-05-06 16:52:28.097602 (6787) lic__man INFO    Unclaim everything for 'session_0'.
2025-05-06 16:52:45.294803 (6787) main____ INFO    Releasing console memory by request of analysis session 'session_0'.
2025-05-06 16:52:45.294836 (6787) lic__man INFO    Unclaim everything for 'session_0'.
2025-05-06 16:53:49.295412 (6787) main____ INFO    Releasing console memory by request of analysis session 'session_0'.
2025-05-06 16:53:49.295452 (6787) lic__man INFO    Unclaim everything for 'session_0'.
2025-05-06 16:57:38.482661 (6787) main____ INFO    Releasing console memory by request of analysis session 'session_0'.
2025-05-06 16:57:38.482741 (6787) lic__man INFO    Unclaim everything for 'session_0'.
2025-05-06 16:57:44.751689 (6787) main____ INFO    Releasing console memory by request of analysis session 'session_0'.
2025-05-06 16:57:44.751744 (6787) lic__man INFO    Unclaim everything for 'session_0'.
2025-05-06 17:05:45.331526 (6787) lic__man INFO    Entering idle state.
2025-05-06 17:08:04.816578 (6787) lic__man INFO    Leaving idle state.
2025-05-06 17:08:06.619339 (6787) main____ INFO    Releasing console memory by request of analysis session 'session_0'.
2025-05-06 17:08:06.619445 (6787) lic__man INFO    Unclaim everything for 'session_0'.
2025-05-06 17:08:16.021529 (6787) main____ INFO    Releasing console memory by request of analysis session 'session_0'.
2025-05-06 17:08:16.021570 (6787) lic__man INFO    Unclaim everything for 'session_0'.
2025-05-06 17:08:30.332557 (6787) lic__man INFO    Unclaim everything for 'session_0'.
2025-05-06 17:08:48.369047 (6787) lic__man INFO    Claim 'fpv' for 'session_0'.
2025-05-06 17:08:49.722717 (6787) lic__man INFO    Claim 'fpv' for 'session_0'.
2025-05-06 17:08:49.722757 (6787) lic__man INFO    Claim 'fpv' for 'session_0/prove-0'.
2025-05-06 17:08:52.621261 (6787) lic__man INFO    Unclaim everything for 'session_0/prove-0'.
2025-05-06 17:08:52.621956 (6787) lic__man INFO    Claim 'fpv' for 'session_0'.
2025-05-06 17:08:52.621974 (6787) lic__man INFO    Claim 'fpv' for 'session_0/prove-1'.
2025-05-06 17:08:53.079621 (6787) lic__man INFO    Claim 'fpv' for 'session_0'.
2025-05-06 17:08:53.079743 (6787) lic__man INFO    Claim 'fpv' for 'session_0/prove-2'.
2025-05-06 17:08:53.177936 (6787) lic_core INFO    (12) checking out 'jasper_fpv' ...
2025-05-06 17:08:53.183745 (6787) lic_core INFO    ... (12) checkout failed (error: -5) ("FLEXnet ERROR(-5, 0, 0): No such feature exists.")
2025-05-06 17:08:53.183770 (6787) lic_core INFO    (13) checking out 'jasper_fao' ...
2025-05-06 17:08:53.187014 (6787) lic_core INFO    ... (13) checkout failed (error: -5) ("FLEXnet ERROR(-5, 0, 0): No such feature exists.")
2025-05-06 17:08:53.187032 (6787) lic_core INFO    (14) checking out 'jasper_papp' ...
2025-05-06 17:08:53.195657 (6787) lic_core INFO    ... (14) checkout succeeded
2025-05-06 17:08:55.768646 (6787) lic__man INFO    Unclaim everything for 'session_0/prove-2'.
2025-05-06 17:08:55.771089 (6787) lic__man INFO    Unclaim everything for 'session_0/prove-1'.
2025-05-06 17:09:55.332089 (6787) lic_core INFO    (14) checkin jasper_papp
2025-05-06 17:16:55.331658 (6787) lic__man INFO    Entering idle state.
2025-05-06 17:29:21.169860 (6787) lic__man INFO    Leaving idle state.
2025-05-06 17:37:21.331323 (6787) lic__man INFO    Entering idle state.
2025-05-06 17:52:19.363857 (6787) lic__man INFO    Leaving idle state.
2025-05-06 17:52:27.345557 (6787) main____ INFO    Releasing console memory by request of analysis session 'session_0'.
2025-05-06 17:52:27.346312 (6787) lic__man INFO    Unclaim everything for 'session_0'.
2025-05-06 17:52:31.506606 (6787) lic__man INFO    Unclaim everything for 'session_0'.
2025-05-06 17:52:31.586290 (6787) lic__man INFO    Claim 'fpv' for 'session_0'.
2025-05-06 17:52:31.961872 (6787) lic__man INFO    Claim 'fpv' for 'session_0'.
2025-05-06 17:52:31.961976 (6787) lic__man INFO    Claim 'fpv' for 'session_0/prove-0'.
2025-05-06 17:52:32.817856 (6787) lic__man INFO    Unclaim everything for 'session_0/prove-0'.
2025-05-06 17:52:32.820285 (6787) lic__man INFO    Claim 'fpv' for 'session_0'.
2025-05-06 17:52:32.820376 (6787) lic__man INFO    Claim 'fpv' for 'session_0/prove-1'.
2025-05-06 17:52:33.246584 (6787) lic__man INFO    Unclaim everything for 'session_0/prove-1'.
2025-05-06 17:52:43.674432 (6787) main____ INFO    Releasing console memory by request of analysis session 'session_0'.
2025-05-06 17:52:43.674625 (6787) lic__man INFO    Unclaim everything for 'session_0'.
2025-05-06 17:52:43.988470 (6787) lic__man INFO    Unclaim everything for 'session_0'.
2025-05-06 17:52:44.069158 (6787) lic__man INFO    Claim 'fpv' for 'session_0'.
2025-05-06 17:52:44.459786 (6787) lic__man INFO    Claim 'fpv' for 'session_0'.
2025-05-06 17:52:44.459869 (6787) lic__man INFO    Claim 'fpv' for 'session_0/prove-0'.
2025-05-06 17:52:44.679028 (6787) lic__man INFO    Unclaim everything for 'session_0/prove-0'.
2025-05-06 17:52:49.126074 (6787) lic__man INFO    Claim 'fpv' for 'session_0'.
2025-05-06 17:52:49.126112 (6787) lic__man INFO    Claim 'fpv' for 'session_0/prove-1'.
2025-05-06 17:52:49.226542 (6787) lic__man INFO    Unclaim everything for 'session_0/prove-1'.
2025-05-06 17:53:02.109099 (6787) main____ INFO    Releasing console memory by request of analysis session 'session_0'.
2025-05-06 17:53:02.109438 (6787) lic__man INFO    Unclaim everything for 'session_0'.
2025-05-06 17:53:22.327516 (6787) main____ INFO    Releasing console memory by request of analysis session 'session_0'.
2025-05-06 17:53:22.327580 (6787) lic__man INFO    Unclaim everything for 'session_0'.
2025-05-06 17:54:05.824712 (6787) main____ INFO    Releasing console memory by request of analysis session 'session_0'.
2025-05-06 17:54:05.824752 (6787) lic__man INFO    Unclaim everything for 'session_0'.
2025-05-06 17:58:06.236774 (6787) main____ INFO    Releasing console memory by request of analysis session 'session_0'.
2025-05-06 17:58:06.236866 (6787) lic__man INFO    Unclaim everything for 'session_0'.
2025-05-06 17:58:17.673542 (6787) main____ INFO    Releasing console memory by request of analysis session 'session_0'.
2025-05-06 17:58:17.673621 (6787) lic__man INFO    Unclaim everything for 'session_0'.
2025-05-06 17:58:17.892212 (6787) lic__man INFO    Unclaim everything for 'session_0'.
2025-05-06 17:58:17.954708 (6787) lic__man INFO    Claim 'fpv' for 'session_0'.
2025-05-06 17:58:18.323725 (6787) lic__man INFO    Claim 'fpv' for 'session_0'.
2025-05-06 17:58:18.323768 (6787) lic__man INFO    Claim 'fpv' for 'session_0/prove-0'.
2025-05-06 17:58:18.488520 (6787) lic__man INFO    Unclaim everything for 'session_0/prove-0'.
2025-05-06 17:58:20.354631 (6787) lic__man INFO    Claim 'fpv' for 'session_0'.
2025-05-06 17:58:20.354682 (6787) lic__man INFO    Claim 'fpv' for 'session_0/prove-1'.
2025-05-06 17:58:21.012582 (6787) lic__man INFO    Unclaim everything for 'session_0/prove-1'.
2025-05-06 18:03:23.553169 (6787) main____ INFO    Releasing console memory by request of analysis session 'session_0'.
2025-05-06 18:03:23.553247 (6787) lic__man INFO    Unclaim everything for 'session_0'.
2025-05-06 18:03:37.640099 (6787) lic__man INFO    Unclaim everything for 'session_0'.
2025-05-06 18:03:41.109485 (6787) lic__man INFO    Claim 'fpv' for 'session_0'.
2025-05-06 18:03:41.531757 (6787) lic__man INFO    Claim 'fpv' for 'session_0'.
2025-05-06 18:03:41.531799 (6787) lic__man INFO    Claim 'fpv' for 'session_0/prove-0'.
2025-05-06 18:03:42.591927 (6787) lic__man INFO    Unclaim everything for 'session_0/prove-0'.
2025-05-06 18:03:42.592762 (6787) lic__man INFO    Claim 'fpv' for 'session_0'.
2025-05-06 18:03:42.592794 (6787) lic__man INFO    Claim 'fpv' for 'session_0/prove-1'.
2025-05-06 18:03:44.217798 (6787) lic__man INFO    Unclaim everything for 'session_0/prove-1'.
2025-05-06 18:04:10.507594 (6787) main____ INFO    Releasing console memory by request of analysis session 'session_0'.
2025-05-06 18:04:10.507960 (6787) lic__man INFO    Unclaim everything for 'session_0'.
2025-05-06 18:04:10.797320 (6787) lic__man INFO    Unclaim everything for 'session_0'.
2025-05-06 18:04:10.850485 (6787) lic__man INFO    Claim 'fpv' for 'session_0'.
2025-05-06 18:04:11.245841 (6787) lic__man INFO    Claim 'fpv' for 'session_0'.
2025-05-06 18:04:11.245940 (6787) lic__man INFO    Claim 'fpv' for 'session_0/prove-0'.
2025-05-06 18:04:11.515974 (6787) lic__man INFO    Unclaim everything for 'session_0/prove-0'.
2025-05-06 18:04:13.445928 (6787) lic__man INFO    Claim 'fpv' for 'session_0'.
2025-05-06 18:04:13.446019 (6787) lic__man INFO    Claim 'fpv' for 'session_0/prove-1'.
2025-05-06 18:04:13.561041 (6787) lic__man INFO    Unclaim everything for 'session_0/prove-1'.
